[debug] [2020-10-06T04:11:21.704Z] ----------------------------------------------------------------------
[debug] [2020-10-06T04:11:21.704Z] Command:       C:\Program Files\nodejs\node.exe C:\Users\davec\AppData\Roaming\npm\node_modules\firebase-tools\lib\bin\firebase.js serve
[debug] [2020-10-06T04:11:21.704Z] CLI Version:   8.12.0
[debug] [2020-10-06T04:11:21.704Z] Platform:      win32
[debug] [2020-10-06T04:11:21.704Z] Node Version:  v12.16.1
[debug] [2020-10-06T04:11:21.704Z] Time:          Tue Oct 06 2020 05:11:21 GMT+0100 (British Summer Time)
[debug] [2020-10-06T04:11:21.704Z] ----------------------------------------------------------------------
[debug] [2020-10-06T04:11:21.704Z] 
[debug] [2020-10-06T04:11:21.742Z] > command requires scopes: ["email","openid","https://www.googleapis.com/auth/cloudplatformprojects.readonly","https://www.googleapis.com/auth/firebase","https://www.googleapis.com/auth/cloud-platform"]
[debug] [2020-10-06T04:11:21.743Z] > authorizing via signed-in user
[debug] [2020-10-06T04:11:21.744Z] [iam] checking project cat-scrap-app for permissions ["firebase.projects.get"]
[debug] [2020-10-06T04:11:21.747Z] > refreshing access token with scopes: ["email","https://www.googleapis.com/auth/cloud-platform","https://www.googleapis.com/auth/cloudplatformprojects.readonly","https://www.googleapis.com/auth/firebase","openid"]
[debug] [2020-10-06T04:11:21.748Z] >>> HTTP REQUEST POST https://www.googleapis.com/oauth2/v3/token  
 <request body omitted>
[debug] [2020-10-06T04:11:21.959Z] <<< HTTP RESPONSE 200 {"content-type":"application/json; charset=utf-8","vary":"X-Origin, Referer, Origin,Accept-Encoding","date":"Tue, 06 Oct 2020 04:11:22 GMT","server":"scaffolding on HTTPServer2","cache-control":"private","x-xss-protection":"0","x-frame-options":"SAMEORIGIN","x-content-type-options":"nosniff","alt-svc":"h3-Q050=\":443\"; ma=2592000,h3-29=\":443\"; ma=2592000,h3-27=\":443\"; ma=2592000,h3-T051=\":443\"; ma=2592000,h3-T050=\":443\"; ma=2592000,h3-Q046=\":443\"; ma=2592000,h3-Q043=\":443\"; ma=2592000,quic=\":443\"; ma=2592000; v=\"46,43\"","accept-ranges":"none","transfer-encoding":"chunked"}
[debug] [2020-10-06T04:11:21.990Z] >>> HTTP REQUEST POST https://cloudresourcemanager.googleapis.com/v1/projects/cat-scrap-app:testIamPermissions  
 {"permissions":["firebase.projects.get"]}
[debug] [2020-10-06T04:11:22.648Z] <<< HTTP RESPONSE 200 {"content-type":"application/json; charset=UTF-8","vary":"X-Origin, Referer, Origin,Accept-Encoding","date":"Tue, 06 Oct 2020 04:11:23 GMT","server":"ESF","cache-control":"private","x-xss-protection":"0","x-frame-options":"SAMEORIGIN","x-content-type-options":"nosniff","server-timing":"gfet4t7; dur=551","alt-svc":"h3-Q050=\":443\"; ma=2592000,h3-29=\":443\"; ma=2592000,h3-27=\":443\"; ma=2592000,h3-T051=\":443\"; ma=2592000,h3-T050=\":443\"; ma=2592000,h3-Q046=\":443\"; ma=2592000,h3-Q043=\":443\"; ma=2592000,quic=\":443\"; ma=2592000; v=\"46,43\"","accept-ranges":"none","transfer-encoding":"chunked"}
[debug] [2020-10-06T04:11:22.648Z] >>> HTTP REQUEST GET https://firebase.googleapis.com/v1beta1/projects/cat-scrap-app  
 
[debug] [2020-10-06T04:11:22.897Z] <<< HTTP RESPONSE 200 {"content-type":"application/json; charset=UTF-8","vary":"X-Origin, Referer, Origin,Accept-Encoding","date":"Tue, 06 Oct 2020 04:11:23 GMT","server":"ESF","cache-control":"private","x-xss-protection":"0","x-frame-options":"SAMEORIGIN","x-content-type-options":"nosniff","alt-svc":"h3-Q050=\":443\"; ma=2592000,h3-29=\":443\"; ma=2592000,h3-27=\":443\"; ma=2592000,h3-T051=\":443\"; ma=2592000,h3-T050=\":443\"; ma=2592000,h3-Q046=\":443\"; ma=2592000,h3-Q043=\":443\"; ma=2592000,quic=\":443\"; ma=2592000; v=\"46,43\"","accept-ranges":"none","transfer-encoding":"chunked"}
[info] 
[info] === Serving from 'C:\Users\davec\Documents\dev\firebase_projects\Production\cat-scrap-fire-sapper'...
[info] 
[debug] [2020-10-06T04:11:22.909Z] >>> HTTP REQUEST GET https://firebase.googleapis.com/v1beta1/projects/cat-scrap-app/webApps/-/config  
 
[debug] [2020-10-06T04:11:24.118Z] <<< HTTP RESPONSE 200 {"content-type":"application/json; charset=UTF-8","vary":"X-Origin, Referer, Origin,Accept-Encoding","date":"Tue, 06 Oct 2020 04:11:24 GMT","server":"ESF","cache-control":"private","x-xss-protection":"0","x-frame-options":"SAMEORIGIN","x-content-type-options":"nosniff","alt-svc":"h3-Q050=\":443\"; ma=2592000,h3-29=\":443\"; ma=2592000,h3-27=\":443\"; ma=2592000,h3-T051=\":443\"; ma=2592000,h3-T050=\":443\"; ma=2592000,h3-Q046=\":443\"; ma=2592000,h3-Q043=\":443\"; ma=2592000,quic=\":443\"; ma=2592000; v=\"46,43\"","accept-ranges":"none","transfer-encoding":"chunked"}
[info] i  hosting: Serving hosting files from: functions/static {"metadata":{"emulator":{"name":"hosting"},"message":"Serving hosting files from: \u001b[1mfunctions/static\u001b[22m"}}
[info] +  hosting: Local server: http://localhost:5000 {"metadata":{"emulator":{"name":"hosting"},"message":"Local server: \u001b[4m\u001b[1mhttp://localhost:5000\u001b[22m\u001b[24m"}}
[warn] !  Your requested "node" version "10" doesn't match your global version "12" {"metadata":{"emulator":{"name":"functions"},"message":"Your requested \"node\" version \"10\" doesn't match your global version \"12\""}}
[debug] [2020-10-06T04:11:24.971Z] defaultcredentials: writing to file C:\Users\davec\AppData\Roaming\firebase\dave_fusion-arc_uk_application_default_credentials.json
[debug] [2020-10-06T04:11:24.974Z] Setting GAC to C:\Users\davec\AppData\Roaming\firebase\dave_fusion-arc_uk_application_default_credentials.json {"metadata":{"emulator":{"name":"functions"},"message":"Setting GAC to C:\\Users\\davec\\AppData\\Roaming\\firebase\\dave_fusion-arc_uk_application_default_credentials.json"}}
[info] i  functions: Watching "C:\Users\davec\Documents\dev\firebase_projects\Production\cat-scrap-fire-sapper\functions" for Cloud Functions... {"metadata":{"emulator":{"name":"functions"},"message":"Watching \"C:\\Users\\davec\\Documents\\dev\\firebase_projects\\Production\\cat-scrap-fire-sapper\\functions\" for Cloud Functions..."}}
[debug] [2020-10-06T04:11:25.016Z] [worker-pool] addWorker(~diagnostic~) {"metadata":{"emulator":{"name":"functions"},"message":"[worker-pool] addWorker(~diagnostic~)"}}
[debug] [2020-10-06T04:11:25.016Z] [worker-pool] Adding worker with key ~diagnostic~, total=1 {"metadata":{"emulator":{"name":"functions"},"message":"[worker-pool] Adding worker with key ~diagnostic~, total=1"}}
[debug] [2020-10-06T04:11:25.017Z] [worker-pool] submitWork(triggerId=) {"metadata":{"emulator":{"name":"functions"},"message":"[worker-pool] submitWork(triggerId=)"}}
[debug] [2020-10-06T04:11:25.018Z] [worker-~diagnostic~-c4a82e76-5a10-4988-b1ab-0f0a59532316]: Assigning socketPath: \\?\pipe\C:\Users\davec\Documents\dev\firebase_projects\Production\cat-scrap-fire-sapper\functions\20932 {"metadata":{"emulator":{"name":"functions"},"message":"[worker-~diagnostic~-c4a82e76-5a10-4988-b1ab-0f0a59532316]: Assigning socketPath: \\\\?\\pipe\\C:\\Users\\davec\\Documents\\dev\\firebase_projects\\Production\\cat-scrap-fire-sapper\\functions\\20932"}}
[debug] [2020-10-06T04:11:25.018Z] [worker-~diagnostic~-c4a82e76-5a10-4988-b1ab-0f0a59532316]: BUSY {"metadata":{"emulator":{"name":"functions"},"message":"[worker-~diagnostic~-c4a82e76-5a10-4988-b1ab-0f0a59532316]: BUSY"}}
[debug] [2020-10-06T04:11:26.228Z] [runtime-status] [20932] Functions runtime initialized. {"cwd":"C:\\Users\\davec\\Documents\\dev\\firebase_projects\\Production\\cat-scrap-fire-sapper\\functions","node_version":"12.16.1"} {"metadata":{"emulator":{"name":"functions"},"message":"[runtime-status] [20932] Functions runtime initialized. {\"cwd\":\"C:\\\\Users\\\\davec\\\\Documents\\\\dev\\\\firebase_projects\\\\Production\\\\cat-scrap-fire-sapper\\\\functions\",\"node_version\":\"12.16.1\"}"}}
[debug] [2020-10-06T04:11:26.244Z] [runtime-status] [20932] Disabled runtime features: undefined {"metadata":{"emulator":{"name":"functions"},"message":"[runtime-status] [20932] Disabled runtime features: undefined"}}
[debug] [2020-10-06T04:11:26.259Z] [runtime-status] [20932] Resolved module firebase-admin {"declared":true,"installed":true,"version":"8.13.0","resolution":"C:\\Users\\davec\\Documents\\dev\\firebase_projects\\Production\\cat-scrap-fire-sapper\\functions\\node_modules\\firebase-admin\\lib\\index.js"} {"metadata":{"emulator":{"name":"functions"},"message":"[runtime-status] [20932] Resolved module firebase-admin {\"declared\":true,\"installed\":true,\"version\":\"8.13.0\",\"resolution\":\"C:\\\\Users\\\\davec\\\\Documents\\\\dev\\\\firebase_projects\\\\Production\\\\cat-scrap-fire-sapper\\\\functions\\\\node_modules\\\\firebase-admin\\\\lib\\\\index.js\"}"}}
[debug] [2020-10-06T04:11:26.274Z] [runtime-status] [20932] Resolved module firebase-functions {"declared":true,"installed":true,"version":"3.11.0","resolution":"C:\\Users\\davec\\Documents\\dev\\firebase_projects\\Production\\cat-scrap-fire-sapper\\functions\\node_modules\\firebase-functions\\lib\\index.js"} {"metadata":{"emulator":{"name":"functions"},"message":"[runtime-status] [20932] Resolved module firebase-functions {\"declared\":true,\"installed\":true,\"version\":\"3.11.0\",\"resolution\":\"C:\\\\Users\\\\davec\\\\Documents\\\\dev\\\\firebase_projects\\\\Production\\\\cat-scrap-fire-sapper\\\\functions\\\\node_modules\\\\firebase-functions\\\\lib\\\\index.js\"}"}}
[debug] [2020-10-06T04:11:26.277Z] [runtime-status] [20932] Resolved module firebase-functions {"declared":true,"installed":true,"version":"3.11.0","resolution":"C:\\Users\\davec\\Documents\\dev\\firebase_projects\\Production\\cat-scrap-fire-sapper\\functions\\node_modules\\firebase-functions\\lib\\index.js"} {"metadata":{"emulator":{"name":"functions"},"message":"[runtime-status] [20932] Resolved module firebase-functions {\"declared\":true,\"installed\":true,\"version\":\"3.11.0\",\"resolution\":\"C:\\\\Users\\\\davec\\\\Documents\\\\dev\\\\firebase_projects\\\\Production\\\\cat-scrap-fire-sapper\\\\functions\\\\node_modules\\\\firebase-functions\\\\lib\\\\index.js\"}"}}
[debug] [2020-10-06T04:11:26.281Z] [runtime-status] [20932] Outgoing network have been stubbed. [{"name":"http","status":"mocked"},{"name":"http","status":"mocked"},{"name":"https","status":"mocked"},{"name":"https","status":"mocked"},{"name":"net","status":"mocked"}] {"metadata":{"emulator":{"name":"functions"},"message":"[runtime-status] [20932] Outgoing network have been stubbed. [{\"name\":\"http\",\"status\":\"mocked\"},{\"name\":\"http\",\"status\":\"mocked\"},{\"name\":\"https\",\"status\":\"mocked\"},{\"name\":\"https\",\"status\":\"mocked\"},{\"name\":\"net\",\"status\":\"mocked\"}]"}}
[debug] [2020-10-06T04:11:26.283Z] [runtime-status] [20932] Resolved module firebase-functions {"declared":true,"installed":true,"version":"3.11.0","resolution":"C:\\Users\\davec\\Documents\\dev\\firebase_projects\\Production\\cat-scrap-fire-sapper\\functions\\node_modules\\firebase-functions\\lib\\index.js"} {"metadata":{"emulator":{"name":"functions"},"message":"[runtime-status] [20932] Resolved module firebase-functions {\"declared\":true,\"installed\":true,\"version\":\"3.11.0\",\"resolution\":\"C:\\\\Users\\\\davec\\\\Documents\\\\dev\\\\firebase_projects\\\\Production\\\\cat-scrap-fire-sapper\\\\functions\\\\node_modules\\\\firebase-functions\\\\lib\\\\index.js\"}"}}
[debug] [2020-10-06T04:11:26.490Z] [runtime-status] [20932] Checked functions.config() {"config":{}} {"metadata":{"emulator":{"name":"functions"},"message":"[runtime-status] [20932] Checked functions.config() {\"config\":{}}"}}
[debug] [2020-10-06T04:11:26.490Z] [runtime-status] [20932] firebase-functions has been stubbed. {"functionsResolution":{"declared":true,"installed":true,"version":"3.11.0","resolution":"C:\\Users\\davec\\Documents\\dev\\firebase_projects\\Production\\cat-scrap-fire-sapper\\functions\\node_modules\\firebase-functions\\lib\\index.js"}} {"metadata":{"emulator":{"name":"functions"},"message":"[runtime-status] [20932] firebase-functions has been stubbed. {\"functionsResolution\":{\"declared\":true,\"installed\":true,\"version\":\"3.11.0\",\"resolution\":\"C:\\\\Users\\\\davec\\\\Documents\\\\dev\\\\firebase_projects\\\\Production\\\\cat-scrap-fire-sapper\\\\functions\\\\node_modules\\\\firebase-functions\\\\lib\\\\index.js\"}}"}}
[debug] [2020-10-06T04:11:26.506Z] [runtime-status] [20932] Resolved module firebase-functions {"declared":true,"installed":true,"version":"3.11.0","resolution":"C:\\Users\\davec\\Documents\\dev\\firebase_projects\\Production\\cat-scrap-fire-sapper\\functions\\node_modules\\firebase-functions\\lib\\index.js"} {"metadata":{"emulator":{"name":"functions"},"message":"[runtime-status] [20932] Resolved module firebase-functions {\"declared\":true,\"installed\":true,\"version\":\"3.11.0\",\"resolution\":\"C:\\\\Users\\\\davec\\\\Documents\\\\dev\\\\firebase_projects\\\\Production\\\\cat-scrap-fire-sapper\\\\functions\\\\node_modules\\\\firebase-functions\\\\lib\\\\index.js\"}"}}
[debug] [2020-10-06T04:11:26.509Z] [runtime-status] [20932] Resolved module firebase-admin {"declared":true,"installed":true,"version":"8.13.0","resolution":"C:\\Users\\davec\\Documents\\dev\\firebase_projects\\Production\\cat-scrap-fire-sapper\\functions\\node_modules\\firebase-admin\\lib\\index.js"} {"metadata":{"emulator":{"name":"functions"},"message":"[runtime-status] [20932] Resolved module firebase-admin {\"declared\":true,\"installed\":true,\"version\":\"8.13.0\",\"resolution\":\"C:\\\\Users\\\\davec\\\\Documents\\\\dev\\\\firebase_projects\\\\Production\\\\cat-scrap-fire-sapper\\\\functions\\\\node_modules\\\\firebase-admin\\\\lib\\\\index.js\"}"}}
[debug] [2020-10-06T04:11:26.511Z] [runtime-status] [20932] Resolved module firebase-functions {"declared":true,"installed":true,"version":"3.11.0","resolution":"C:\\Users\\davec\\Documents\\dev\\firebase_projects\\Production\\cat-scrap-fire-sapper\\functions\\node_modules\\firebase-functions\\lib\\index.js"} {"metadata":{"emulator":{"name":"functions"},"message":"[runtime-status] [20932] Resolved module firebase-functions {\"declared\":true,\"installed\":true,\"version\":\"3.11.0\",\"resolution\":\"C:\\\\Users\\\\davec\\\\Documents\\\\dev\\\\firebase_projects\\\\Production\\\\cat-scrap-fire-sapper\\\\functions\\\\node_modules\\\\firebase-functions\\\\lib\\\\index.js\"}"}}
[debug] [2020-10-06T04:11:26.512Z] [runtime-status] [20932] firebase-admin has been stubbed. {"adminResolution":{"declared":true,"installed":true,"version":"8.13.0","resolution":"C:\\Users\\davec\\Documents\\dev\\firebase_projects\\Production\\cat-scrap-fire-sapper\\functions\\node_modules\\firebase-admin\\lib\\index.js"}} {"metadata":{"emulator":{"name":"functions"},"message":"[runtime-status] [20932] firebase-admin has been stubbed. {\"adminResolution\":{\"declared\":true,\"installed\":true,\"version\":\"8.13.0\",\"resolution\":\"C:\\\\Users\\\\davec\\\\Documents\\\\dev\\\\firebase_projects\\\\Production\\\\cat-scrap-fire-sapper\\\\functions\\\\node_modules\\\\firebase-admin\\\\lib\\\\index.js\"}}"}}
[warn] !  C:\Users\davec\Documents\dev\firebase_projects\Production\cat-scrap-fire-sapper\functions\index.js:3
const functions = require('firebase-functions');
      ^

SyntaxError: Identifier 'functions' has already been declared
    at wrapSafe (internal/modules/cjs/loader.js:1072:16)
    at Module._compile (internal/modules/cjs/loader.js:1122:27)
    at Object.Module._extensions..js (internal/modules/cjs/loader.js:1178:10)
    at Module.load (internal/modules/cjs/loader.js:1002:32)
    at Function.Module._load (internal/modules/cjs/loader.js:901:14)
    at Module.require (internal/modules/cjs/loader.js:1044:19)
    at require (internal/modules/cjs/helpers.js:77:18)
    at C:\Users\davec\AppData\Roaming\npm\node_modules\firebase-tools\lib\emulator\functionsEmulatorRuntime.js:681:33
    at Generator.next (<anonymous>)
    at fulfilled (C:\Users\davec\AppData\Roaming\npm\node_modules\firebase-tools\lib\emulator\functionsEmulatorRuntime.js:5:58) {"metadata":{"emulator":{"name":"functions"},"message":"C:\\Users\\davec\\Documents\\dev\\firebase_projects\\Production\\cat-scrap-fire-sapper\\functions\\index.js:3\nconst functions = require('firebase-functions');\n      ^\n\nSyntaxError: Identifier 'functions' has already been declared\n    at wrapSafe (internal/modules/cjs/loader.js:1072:16)\n    at Module._compile (internal/modules/cjs/loader.js:1122:27)\n    at Object.Module._extensions..js (internal/modules/cjs/loader.js:1178:10)\n    at Module.load (internal/modules/cjs/loader.js:1002:32)\n    at Function.Module._load (internal/modules/cjs/loader.js:901:14)\n    at Module.require (internal/modules/cjs/loader.js:1044:19)\n    at require (internal/modules/cjs/helpers.js:77:18)\n    at C:\\Users\\davec\\AppData\\Roaming\\npm\\node_modules\\firebase-tools\\lib\\emulator\\functionsEmulatorRuntime.js:681:33\n    at Generator.next (<anonymous>)\n    at fulfilled (C:\\Users\\davec\\AppData\\Roaming\\npm\\node_modules\\firebase-tools\\lib\\emulator\\functionsEmulatorRuntime.js:5:58)"}}
[warn] !  We were unable to load your functions code. (see above)
   - You may be able to run "npm run build" in your functions directory to resolve this. {"metadata":{"emulator":{"name":"functions"}}}
[debug] [2020-10-06T04:11:26.715Z] [worker-~diagnostic~-c4a82e76-5a10-4988-b1ab-0f0a59532316]: exited {"metadata":{"emulator":{"name":"functions"},"message":"[worker-~diagnostic~-c4a82e76-5a10-4988-b1ab-0f0a59532316]: exited"}}
[debug] [2020-10-06T04:11:26.715Z] [worker-~diagnostic~-c4a82e76-5a10-4988-b1ab-0f0a59532316]: FINISHED {"metadata":{"emulator":{"name":"functions"},"message":"[worker-~diagnostic~-c4a82e76-5a10-4988-b1ab-0f0a59532316]: FINISHED"}}
